C:\Users\david.edet\source\repos\queueitv2\dist\out-tsc\e2e\src\app.po.js
C:\Users\david.edet\source\repos\queueitv2\dist\out-tsc\e2e\src\app.po.js.map
C:\Users\david.edet\source\repos\queueitv2\dist\out-tsc\e2e\src\app.e2e-spec.js
C:\Users\david.edet\source\repos\queueitv2\dist\out-tsc\e2e\src\app.e2e-spec.js.map
C:\Users\david.edet\source\repos\queueitv2\dist\out-tsc\src\app\app.component.js
C:\Users\david.edet\source\repos\queueitv2\dist\out-tsc\src\app\app.component.js.map
C:\Users\david.edet\source\repos\queueitv2\dist\out-tsc\src\app\auto-generated\auto-generated.component.js
C:\Users\david.edet\source\repos\queueitv2\dist\out-tsc\src\app\auto-generated\auto-generated.component.js.map
C:\Users\david.edet\source\repos\queueitv2\dist\out-tsc\src\app\app-routing.module.js
C:\Users\david.edet\source\repos\queueitv2\dist\out-tsc\src\app\app-routing.module.js.map
C:\Users\david.edet\source\repos\queueitv2\dist\out-tsc\src\app\valueobjects\userVO.js
C:\Users\david.edet\source\repos\queueitv2\dist\out-tsc\src\app\valueobjects\userVO.js.map
C:\Users\david.edet\source\repos\queueitv2\dist\out-tsc\src\app\services\authentication\usersAccess.js
C:\Users\david.edet\source\repos\queueitv2\dist\out-tsc\src\app\services\authentication\usersAccess.js.map
C:\Users\david.edet\source\repos\queueitv2\dist\out-tsc\src\app\config.js
C:\Users\david.edet\source\repos\queueitv2\dist\out-tsc\src\app\config.js.map
C:\Users\david.edet\source\repos\queueitv2\dist\out-tsc\src\app\valueobjects\customerVO.js
C:\Users\david.edet\source\repos\queueitv2\dist\out-tsc\src\app\valueobjects\customerVO.js.map
C:\Users\david.edet\source\repos\queueitv2\dist\out-tsc\src\app\domainmodel\interfaces\transaction.js
C:\Users\david.edet\source\repos\queueitv2\dist\out-tsc\src\app\domainmodel\interfaces\transaction.js.map
C:\Users\david.edet\source\repos\queueitv2\dist\out-tsc\src\app\valueobjects\addressVO.js
C:\Users\david.edet\source\repos\queueitv2\dist\out-tsc\src\app\valueobjects\addressVO.js.map
C:\Users\david.edet\source\repos\queueitv2\dist\out-tsc\src\app\domainmodel\interfaces\outlet.js
C:\Users\david.edet\source\repos\queueitv2\dist\out-tsc\src\app\domainmodel\interfaces\outlet.js.map
C:\Users\david.edet\source\repos\queueitv2\dist\out-tsc\src\app\domainmodel\queueittransaction.js
C:\Users\david.edet\source\repos\queueitv2\dist\out-tsc\src\app\domainmodel\queueittransaction.js.map
C:\Users\david.edet\source\repos\queueitv2\dist\out-tsc\src\app\store\operations\transaction.js
C:\Users\david.edet\source\repos\queueitv2\dist\out-tsc\src\app\store\operations\transaction.js.map
C:\Users\david.edet\source\repos\queueitv2\dist\out-tsc\src\app\admin\apimodels\userloginapimodel.js
C:\Users\david.edet\source\repos\queueitv2\dist\out-tsc\src\app\admin\apimodels\userloginapimodel.js.map
C:\Users\david.edet\source\repos\queueitv2\dist\out-tsc\src\app\admin\services\userAccess.js
C:\Users\david.edet\source\repos\queueitv2\dist\out-tsc\src\app\admin\services\userAccess.js.map
C:\Users\david.edet\source\repos\queueitv2\dist\out-tsc\src\app\admin\services\auth.service.js
C:\Users\david.edet\source\repos\queueitv2\dist\out-tsc\src\app\admin\services\auth.service.js.map
C:\Users\david.edet\source\repos\queueitv2\dist\out-tsc\src\app\admin\container\container.component.js
C:\Users\david.edet\source\repos\queueitv2\dist\out-tsc\src\app\admin\container\container.component.js.map
C:\Users\david.edet\source\repos\queueitv2\dist\out-tsc\src\app\valueobjects\accountvo.js
C:\Users\david.edet\source\repos\queueitv2\dist\out-tsc\src\app\valueobjects\accountvo.js.map
C:\Users\david.edet\source\repos\queueitv2\dist\out-tsc\src\app\domainmodel\transactiontype.js
C:\Users\david.edet\source\repos\queueitv2\dist\out-tsc\src\app\domainmodel\transactiontype.js.map
C:\Users\david.edet\source\repos\queueitv2\dist\out-tsc\src\app\operations\services\operations.service.js
C:\Users\david.edet\source\repos\queueitv2\dist\out-tsc\src\app\operations\services\operations.service.js.map
C:\Users\david.edet\source\repos\queueitv2\dist\out-tsc\src\app\services\operations\operationsfacade.js
C:\Users\david.edet\source\repos\queueitv2\dist\out-tsc\src\app\services\operations\operationsfacade.js.map
C:\Users\david.edet\source\repos\queueitv2\dist\out-tsc\src\app\services\admin\displaymodels\telleractivitybreakdown.js
C:\Users\david.edet\source\repos\queueitv2\dist\out-tsc\src\app\services\admin\displaymodels\telleractivitybreakdown.js.map
C:\Users\david.edet\source\repos\queueitv2\dist\out-tsc\src\app\services\admin\storehelpers\tellertransactionitem.js
C:\Users\david.edet\source\repos\queueitv2\dist\out-tsc\src\app\services\admin\storehelpers\tellertransactionitem.js.map
C:\Users\david.edet\source\repos\queueitv2\dist\out-tsc\src\app\services\admin\storehelpers\tellerreportsystem.js
C:\Users\david.edet\source\repos\queueitv2\dist\out-tsc\src\app\services\admin\storehelpers\tellerreportsystem.js.map
C:\Users\david.edet\source\repos\queueitv2\dist\out-tsc\src\app\services\admin\displaymodels\tellerReportSummary.js
C:\Users\david.edet\source\repos\queueitv2\dist\out-tsc\src\app\services\admin\displaymodels\tellerReportSummary.js.map
C:\Users\david.edet\source\repos\queueitv2\dist\out-tsc\src\app\services\admin\reportsfacade.js
C:\Users\david.edet\source\repos\queueitv2\dist\out-tsc\src\app\services\admin\reportsfacade.js.map
C:\Users\david.edet\source\repos\queueitv2\dist\out-tsc\src\app\domainmodel\role.js
C:\Users\david.edet\source\repos\queueitv2\dist\out-tsc\src\app\domainmodel\role.js.map
C:\Users\david.edet\source\repos\queueitv2\dist\out-tsc\src\app\domainmodel\status.js
C:\Users\david.edet\source\repos\queueitv2\dist\out-tsc\src\app\domainmodel\status.js.map
C:\Users\david.edet\source\repos\queueitv2\dist\out-tsc\src\app\admin\apimodels\daterangeapimodel.js
C:\Users\david.edet\source\repos\queueitv2\dist\out-tsc\src\app\admin\apimodels\daterangeapimodel.js.map
C:\Users\david.edet\source\repos\queueitv2\dist\out-tsc\src\app\admin\apimodels\changepasswordapimodel.js
C:\Users\david.edet\source\repos\queueitv2\dist\out-tsc\src\app\admin\apimodels\changepasswordapimodel.js.map
C:\Users\david.edet\source\repos\queueitv2\dist\out-tsc\src\app\admin\apimodels\manageuserapimodel.js
C:\Users\david.edet\source\repos\queueitv2\dist\out-tsc\src\app\admin\apimodels\manageuserapimodel.js.map
C:\Users\david.edet\source\repos\queueitv2\dist\out-tsc\src\app\admin\apimodels\manageuserroleapimodel.js
C:\Users\david.edet\source\repos\queueitv2\dist\out-tsc\src\app\admin\apimodels\manageuserroleapimodel.js.map
C:\Users\david.edet\source\repos\queueitv2\dist\out-tsc\src\app\admin\services\general.service.js
C:\Users\david.edet\source\repos\queueitv2\dist\out-tsc\src\app\admin\services\general.service.js.map
C:\Users\david.edet\source\repos\queueitv2\dist\out-tsc\src\app\services\admin\transactiontypefacade.js
C:\Users\david.edet\source\repos\queueitv2\dist\out-tsc\src\app\services\admin\transactiontypefacade.js.map
C:\Users\david.edet\source\repos\queueitv2\dist\out-tsc\src\app\admin\dashboard\dashboard.component.js
C:\Users\david.edet\source\repos\queueitv2\dist\out-tsc\src\app\admin\dashboard\dashboard.component.js.map
C:\Users\david.edet\source\repos\queueitv2\dist\out-tsc\src\app\services\admin\rolefacade.js
C:\Users\david.edet\source\repos\queueitv2\dist\out-tsc\src\app\services\admin\rolefacade.js.map
C:\Users\david.edet\source\repos\queueitv2\dist\out-tsc\src\app\shared\_models\alert.js
C:\Users\david.edet\source\repos\queueitv2\dist\out-tsc\src\app\shared\_models\alert.js.map
C:\Users\david.edet\source\repos\queueitv2\dist\out-tsc\src\app\shared\_services\alert.service.js
C:\Users\david.edet\source\repos\queueitv2\dist\out-tsc\src\app\shared\_services\alert.service.js.map
C:\Users\david.edet\source\repos\queueitv2\dist\out-tsc\src\app\shared\_services\index.js
C:\Users\david.edet\source\repos\queueitv2\dist\out-tsc\src\app\shared\_services\index.js.map
C:\Users\david.edet\source\repos\queueitv2\dist\out-tsc\src\app\admin\roles\roles.component.js
C:\Users\david.edet\source\repos\queueitv2\dist\out-tsc\src\app\admin\roles\roles.component.js.map
C:\Users\david.edet\source\repos\queueitv2\dist\out-tsc\src\app\services\admin\statusfacade.js
C:\Users\david.edet\source\repos\queueitv2\dist\out-tsc\src\app\services\admin\statusfacade.js.map
C:\Users\david.edet\source\repos\queueitv2\dist\out-tsc\src\app\admin\status\status.component.js
C:\Users\david.edet\source\repos\queueitv2\dist\out-tsc\src\app\admin\status\status.component.js.map
C:\Users\david.edet\source\repos\queueitv2\dist\out-tsc\src\app\admin\transactiontype\transactiontype.component.js
C:\Users\david.edet\source\repos\queueitv2\dist\out-tsc\src\app\admin\transactiontype\transactiontype.component.js.map
C:\Users\david.edet\source\repos\queueitv2\dist\out-tsc\src\app\admin\report\report.component.js
C:\Users\david.edet\source\repos\queueitv2\dist\out-tsc\src\app\admin\report\report.component.js.map
C:\Users\david.edet\source\repos\queueitv2\dist\out-tsc\src\app\services\admin\userfacade.js
C:\Users\david.edet\source\repos\queueitv2\dist\out-tsc\src\app\services\admin\userfacade.js.map
C:\Users\david.edet\source\repos\queueitv2\dist\out-tsc\src\app\admin\manageuserprofile\manageuserprofile.component.js
C:\Users\david.edet\source\repos\queueitv2\dist\out-tsc\src\app\admin\manageuserprofile\manageuserprofile.component.js.map
C:\Users\david.edet\source\repos\queueitv2\dist\out-tsc\src\app\admin\manageuserrole\manageuserrole.component.js
C:\Users\david.edet\source\repos\queueitv2\dist\out-tsc\src\app\admin\manageuserrole\manageuserrole.component.js.map
C:\Users\david.edet\source\repos\queueitv2\dist\out-tsc\src\app\admin\changeuserpassword\changeuserpassword.component.js
C:\Users\david.edet\source\repos\queueitv2\dist\out-tsc\src\app\admin\changeuserpassword\changeuserpassword.component.js.map
C:\Users\david.edet\source\repos\queueitv2\dist\out-tsc\src\app\admin\apimodels\authresult.js
C:\Users\david.edet\source\repos\queueitv2\dist\out-tsc\src\app\admin\apimodels\authresult.js.map
C:\Users\david.edet\source\repos\queueitv2\dist\out-tsc\src\app\admin\login\login.component.js
C:\Users\david.edet\source\repos\queueitv2\dist\out-tsc\src\app\admin\login\login.component.js.map
C:\Users\david.edet\source\repos\queueitv2\dist\out-tsc\src\app\admin\getnewuserprofile\getnewuserprofile.component.js
C:\Users\david.edet\source\repos\queueitv2\dist\out-tsc\src\app\admin\getnewuserprofile\getnewuserprofile.component.js.map
C:\Users\david.edet\source\repos\queueitv2\dist\out-tsc\src\app\admin\admin.routing.js
C:\Users\david.edet\source\repos\queueitv2\dist\out-tsc\src\app\admin\admin.routing.js.map
C:\Users\david.edet\source\repos\queueitv2\dist\out-tsc\src\app\admin\users\users.component.js
C:\Users\david.edet\source\repos\queueitv2\dist\out-tsc\src\app\admin\users\users.component.js.map
C:\Users\david.edet\source\repos\queueitv2\dist\out-tsc\src\app\admin\pipes\transaction.pipe.js
C:\Users\david.edet\source\repos\queueitv2\dist\out-tsc\src\app\admin\pipes\transaction.pipe.js.map
C:\Users\david.edet\source\repos\queueitv2\dist\out-tsc\src\app\admin\pipes\user.pipe.js
C:\Users\david.edet\source\repos\queueitv2\dist\out-tsc\src\app\admin\pipes\user.pipe.js.map
C:\Users\david.edet\source\repos\queueitv2\dist\out-tsc\src\app\shared\_models\index.js
C:\Users\david.edet\source\repos\queueitv2\dist\out-tsc\src\app\shared\_models\index.js.map
C:\Users\david.edet\source\repos\queueitv2\dist\out-tsc\src\app\shared\_directives\alert.component.js
C:\Users\david.edet\source\repos\queueitv2\dist\out-tsc\src\app\shared\_directives\alert.component.js.map
C:\Users\david.edet\source\repos\queueitv2\dist\out-tsc\src\app\shared\_directives\index.js
C:\Users\david.edet\source\repos\queueitv2\dist\out-tsc\src\app\shared\_directives\index.js.map
C:\Users\david.edet\source\repos\queueitv2\dist\out-tsc\src\app\shared\shared.module.js
C:\Users\david.edet\source\repos\queueitv2\dist\out-tsc\src\app\shared\shared.module.js.map
C:\Users\david.edet\source\repos\queueitv2\dist\out-tsc\src\app\admin\pipes\transaction-type.pipe.js
C:\Users\david.edet\source\repos\queueitv2\dist\out-tsc\src\app\admin\pipes\transaction-type.pipe.js.map
C:\Users\david.edet\source\repos\queueitv2\dist\out-tsc\src\app\admin\pipes\status.pipe.js
C:\Users\david.edet\source\repos\queueitv2\dist\out-tsc\src\app\admin\pipes\status.pipe.js.map
C:\Users\david.edet\source\repos\queueitv2\dist\out-tsc\src\app\admin\pipes\platenumber.pipe.js
C:\Users\david.edet\source\repos\queueitv2\dist\out-tsc\src\app\admin\pipes\platenumber.pipe.js.map
C:\Users\david.edet\source\repos\queueitv2\dist\out-tsc\src\app\admin\pipes\teller.pipe.js
C:\Users\david.edet\source\repos\queueitv2\dist\out-tsc\src\app\admin\pipes\teller.pipe.js.map
C:\Users\david.edet\source\repos\queueitv2\dist\out-tsc\src\app\admin\pipes\search.pipe.js
C:\Users\david.edet\source\repos\queueitv2\dist\out-tsc\src\app\admin\pipes\search.pipe.js.map
C:\Users\david.edet\source\repos\queueitv2\dist\out-tsc\src\app\helpers\tokeninterceptor.js
C:\Users\david.edet\source\repos\queueitv2\dist\out-tsc\src\app\helpers\tokeninterceptor.js.map
C:\Users\david.edet\source\repos\queueitv2\dist\out-tsc\src\app\admin\admin.module.js
C:\Users\david.edet\source\repos\queueitv2\dist\out-tsc\src\app\admin\admin.module.js.map
C:\Users\david.edet\source\repos\queueitv2\dist\out-tsc\src\app\authentication\container\container.component.js
C:\Users\david.edet\source\repos\queueitv2\dist\out-tsc\src\app\authentication\container\container.component.js.map
C:\Users\david.edet\source\repos\queueitv2\dist\out-tsc\src\app\authentication\apimodels\userloginapimodel.js
C:\Users\david.edet\source\repos\queueitv2\dist\out-tsc\src\app\authentication\apimodels\userloginapimodel.js.map
C:\Users\david.edet\source\repos\queueitv2\dist\out-tsc\src\app\authentication\services\auth.service.js
C:\Users\david.edet\source\repos\queueitv2\dist\out-tsc\src\app\authentication\services\auth.service.js.map
C:\Users\david.edet\source\repos\queueitv2\dist\out-tsc\src\app\authentication\login\login.component.js
C:\Users\david.edet\source\repos\queueitv2\dist\out-tsc\src\app\authentication\login\login.component.js.map
C:\Users\david.edet\source\repos\queueitv2\dist\out-tsc\src\app\authentication\getnewuserprofile\getnewuserprofile.component.js
C:\Users\david.edet\source\repos\queueitv2\dist\out-tsc\src\app\authentication\getnewuserprofile\getnewuserprofile.component.js.map
C:\Users\david.edet\source\repos\queueitv2\dist\out-tsc\src\app\authentication\authentication.routing.js
C:\Users\david.edet\source\repos\queueitv2\dist\out-tsc\src\app\authentication\authentication.routing.js.map
C:\Users\david.edet\source\repos\queueitv2\dist\out-tsc\src\app\authentication\authentication.module.js
C:\Users\david.edet\source\repos\queueitv2\dist\out-tsc\src\app\authentication\authentication.module.js.map
C:\Users\david.edet\source\repos\queueitv2\dist\out-tsc\src\app\operations\apimodels\userloginapimodel.js
C:\Users\david.edet\source\repos\queueitv2\dist\out-tsc\src\app\operations\apimodels\userloginapimodel.js.map
C:\Users\david.edet\source\repos\queueitv2\dist\out-tsc\src\app\operations\services\auth.service.js
C:\Users\david.edet\source\repos\queueitv2\dist\out-tsc\src\app\operations\services\auth.service.js.map
C:\Users\david.edet\source\repos\queueitv2\dist\out-tsc\src\app\operations\container\container.component.js
C:\Users\david.edet\source\repos\queueitv2\dist\out-tsc\src\app\operations\container\container.component.js.map
C:\Users\david.edet\source\repos\queueitv2\dist\out-tsc\src\app\operations\apimodels\transactionapimodel.js
C:\Users\david.edet\source\repos\queueitv2\dist\out-tsc\src\app\operations\apimodels\transactionapimodel.js.map
C:\Users\david.edet\source\repos\queueitv2\dist\out-tsc\src\app\operations\services\transaction.service.js
C:\Users\david.edet\source\repos\queueitv2\dist\out-tsc\src\app\operations\services\transaction.service.js.map
C:\Users\david.edet\source\repos\queueitv2\dist\out-tsc\src\app\operations\job\job.component.js
C:\Users\david.edet\source\repos\queueitv2\dist\out-tsc\src\app\operations\job\job.component.js.map
C:\Users\david.edet\source\repos\queueitv2\dist\out-tsc\src\app\operations\collections\collections.component.js
C:\Users\david.edet\source\repos\queueitv2\dist\out-tsc\src\app\operations\collections\collections.component.js.map
C:\Users\david.edet\source\repos\queueitv2\dist\out-tsc\src\app\operations\processtransactions\processtransactions.component.js
C:\Users\david.edet\source\repos\queueitv2\dist\out-tsc\src\app\operations\processtransactions\processtransactions.component.js.map
C:\Users\david.edet\source\repos\queueitv2\dist\out-tsc\src\app\operations\services\userAccess.js
C:\Users\david.edet\source\repos\queueitv2\dist\out-tsc\src\app\operations\services\userAccess.js.map
C:\Users\david.edet\source\repos\queueitv2\dist\out-tsc\src\app\operations\login\login.component.js
C:\Users\david.edet\source\repos\queueitv2\dist\out-tsc\src\app\operations\login\login.component.js.map
C:\Users\david.edet\source\repos\queueitv2\dist\out-tsc\src\app\operations\operationsdashboard\operationsdashboard.component.js
C:\Users\david.edet\source\repos\queueitv2\dist\out-tsc\src\app\operations\operationsdashboard\operationsdashboard.component.js.map
C:\Users\david.edet\source\repos\queueitv2\dist\out-tsc\src\app\operations\operations.routing.js
C:\Users\david.edet\source\repos\queueitv2\dist\out-tsc\src\app\operations\operations.routing.js.map
C:\Users\david.edet\source\repos\queueitv2\dist\out-tsc\src\app\operations\statusreportbar\statusreportbar.component.js
C:\Users\david.edet\source\repos\queueitv2\dist\out-tsc\src\app\operations\statusreportbar\statusreportbar.component.js.map
C:\Users\david.edet\source\repos\queueitv2\dist\out-tsc\src\app\operations\pipes\transaction.pipe.js
C:\Users\david.edet\source\repos\queueitv2\dist\out-tsc\src\app\operations\pipes\transaction.pipe.js.map
C:\Users\david.edet\source\repos\queueitv2\dist\out-tsc\src\app\operations\pipes\tellertransaction.pipe.js
C:\Users\david.edet\source\repos\queueitv2\dist\out-tsc\src\app\operations\pipes\tellertransaction.pipe.js.map
C:\Users\david.edet\source\repos\queueitv2\dist\out-tsc\src\app\store\operations\teller.js
C:\Users\david.edet\source\repos\queueitv2\dist\out-tsc\src\app\store\operations\teller.js.map
C:\Users\david.edet\source\repos\queueitv2\dist\out-tsc\src\app\operations\footer\footer.component.js
C:\Users\david.edet\source\repos\queueitv2\dist\out-tsc\src\app\operations\footer\footer.component.js.map
C:\Users\david.edet\source\repos\queueitv2\dist\out-tsc\src\app\operations\getnewuserprofile\getnewuserprofile.component.js
C:\Users\david.edet\source\repos\queueitv2\dist\out-tsc\src\app\operations\getnewuserprofile\getnewuserprofile.component.js.map
C:\Users\david.edet\source\repos\queueitv2\dist\out-tsc\src\app\operations\pipes\timer.pipe.js
C:\Users\david.edet\source\repos\queueitv2\dist\out-tsc\src\app\operations\pipes\timer.pipe.js.map
C:\Users\david.edet\source\repos\queueitv2\dist\out-tsc\src\app\operations\timer\timerstore.js
C:\Users\david.edet\source\repos\queueitv2\dist\out-tsc\src\app\operations\timer\timerstore.js.map
C:\Users\david.edet\source\repos\queueitv2\dist\out-tsc\src\app\operations\pipes\status.pipe.js
C:\Users\david.edet\source\repos\queueitv2\dist\out-tsc\src\app\operations\pipes\status.pipe.js.map
C:\Users\david.edet\source\repos\queueitv2\dist\out-tsc\src\app\operations\pipes\transactiontype.pipe.js
C:\Users\david.edet\source\repos\queueitv2\dist\out-tsc\src\app\operations\pipes\transactiontype.pipe.js.map
C:\Users\david.edet\source\repos\queueitv2\dist\out-tsc\src\app\operations\operations.module.js
C:\Users\david.edet\source\repos\queueitv2\dist\out-tsc\src\app\operations\operations.module.js.map
C:\Users\david.edet\source\repos\queueitv2\dist\out-tsc\src\app\notfound\notfound.component.js
C:\Users\david.edet\source\repos\queueitv2\dist\out-tsc\src\app\notfound\notfound.component.js.map
C:\Users\david.edet\source\repos\queueitv2\dist\out-tsc\src\environments\environment.js
C:\Users\david.edet\source\repos\queueitv2\dist\out-tsc\src\environments\environment.js.map
C:\Users\david.edet\source\repos\queueitv2\dist\out-tsc\src\app\app.module.js
C:\Users\david.edet\source\repos\queueitv2\dist\out-tsc\src\app\app.module.js.map
C:\Users\david.edet\source\repos\queueitv2\dist\out-tsc\src\main.tns.js
C:\Users\david.edet\source\repos\queueitv2\dist\out-tsc\src\main.tns.js.map
C:\Users\david.edet\source\repos\queueitv2\dist\out-tsc\src\main.js
C:\Users\david.edet\source\repos\queueitv2\dist\out-tsc\src\main.js.map
C:\Users\david.edet\source\repos\queueitv2\dist\out-tsc\src\polyfills.js
C:\Users\david.edet\source\repos\queueitv2\dist\out-tsc\src\polyfills.js.map
C:\Users\david.edet\source\repos\queueitv2\dist\out-tsc\src\test.js
C:\Users\david.edet\source\repos\queueitv2\dist\out-tsc\src\test.js.map
C:\Users\david.edet\source\repos\queueitv2\dist\out-tsc\src\app\app-routing.module.tns.js
C:\Users\david.edet\source\repos\queueitv2\dist\out-tsc\src\app\app-routing.module.tns.js.map
C:\Users\david.edet\source\repos\queueitv2\dist\out-tsc\src\app\app.component.spec.js
C:\Users\david.edet\source\repos\queueitv2\dist\out-tsc\src\app\app.component.spec.js.map
C:\Users\david.edet\source\repos\queueitv2\dist\out-tsc\src\app\app.component.tns.js
C:\Users\david.edet\source\repos\queueitv2\dist\out-tsc\src\app\app.component.tns.js.map
C:\Users\david.edet\source\repos\queueitv2\dist\out-tsc\src\app\app.module.tns.js
C:\Users\david.edet\source\repos\queueitv2\dist\out-tsc\src\app\app.module.tns.js.map
C:\Users\david.edet\source\repos\queueitv2\dist\out-tsc\src\app\admin\admin.common.js
C:\Users\david.edet\source\repos\queueitv2\dist\out-tsc\src\app\admin\admin.common.js.map
C:\Users\david.edet\source\repos\queueitv2\dist\out-tsc\src\app\admin\footer\footer.component.js
C:\Users\david.edet\source\repos\queueitv2\dist\out-tsc\src\app\admin\footer\footer.component.js.map
C:\Users\david.edet\source\repos\queueitv2\dist\out-tsc\src\app\admin\home\home.component.js
C:\Users\david.edet\source\repos\queueitv2\dist\out-tsc\src\app\admin\home\home.component.js.map
C:\Users\david.edet\source\repos\queueitv2\dist\out-tsc\src\app\admin\admin.module.tns.js
C:\Users\david.edet\source\repos\queueitv2\dist\out-tsc\src\app\admin\admin.module.tns.js.map
C:\Users\david.edet\source\repos\queueitv2\dist\out-tsc\src\app\admin\authcontainer\authcontainer.component.js
C:\Users\david.edet\source\repos\queueitv2\dist\out-tsc\src\app\admin\authcontainer\authcontainer.component.js.map
C:\Users\david.edet\source\repos\queueitv2\dist\out-tsc\src\app\admin\pipes\platenumber.pipe.spec.js
C:\Users\david.edet\source\repos\queueitv2\dist\out-tsc\src\app\admin\pipes\platenumber.pipe.spec.js.map
C:\Users\david.edet\source\repos\queueitv2\dist\out-tsc\src\app\admin\pipes\search.pipe.spec.js
C:\Users\david.edet\source\repos\queueitv2\dist\out-tsc\src\app\admin\pipes\search.pipe.spec.js.map
C:\Users\david.edet\source\repos\queueitv2\dist\out-tsc\src\app\admin\pipes\status.pipe.spec.js
C:\Users\david.edet\source\repos\queueitv2\dist\out-tsc\src\app\admin\pipes\status.pipe.spec.js.map
C:\Users\david.edet\source\repos\queueitv2\dist\out-tsc\src\app\admin\pipes\teller.pipe.spec.js
C:\Users\david.edet\source\repos\queueitv2\dist\out-tsc\src\app\admin\pipes\teller.pipe.spec.js.map
C:\Users\david.edet\source\repos\queueitv2\dist\out-tsc\src\app\admin\pipes\transaction-type.pipe.spec.js
C:\Users\david.edet\source\repos\queueitv2\dist\out-tsc\src\app\admin\pipes\transaction-type.pipe.spec.js.map
C:\Users\david.edet\source\repos\queueitv2\dist\out-tsc\src\app\admin\pipes\transaction.pipe.spec.js
C:\Users\david.edet\source\repos\queueitv2\dist\out-tsc\src\app\admin\pipes\transaction.pipe.spec.js.map
C:\Users\david.edet\source\repos\queueitv2\dist\out-tsc\src\app\admin\pipes\user.pipe.spec.js
C:\Users\david.edet\source\repos\queueitv2\dist\out-tsc\src\app\admin\pipes\user.pipe.spec.js.map
C:\Users\david.edet\source\repos\queueitv2\dist\out-tsc\src\app\admin\services\auth.service.spec.js
C:\Users\david.edet\source\repos\queueitv2\dist\out-tsc\src\app\admin\services\auth.service.spec.js.map
C:\Users\david.edet\source\repos\queueitv2\dist\out-tsc\src\app\admin\services\general.service.spec.js
C:\Users\david.edet\source\repos\queueitv2\dist\out-tsc\src\app\admin\services\general.service.spec.js.map
C:\Users\david.edet\source\repos\queueitv2\dist\out-tsc\src\app\authentication\authentication.common.js
C:\Users\david.edet\source\repos\queueitv2\dist\out-tsc\src\app\authentication\authentication.common.js.map
C:\Users\david.edet\source\repos\queueitv2\dist\out-tsc\src\app\authentication\header\header.component.js
C:\Users\david.edet\source\repos\queueitv2\dist\out-tsc\src\app\authentication\header\header.component.js.map
C:\Users\david.edet\source\repos\queueitv2\dist\out-tsc\src\app\authentication\sidebar\sidebar.component.js
C:\Users\david.edet\source\repos\queueitv2\dist\out-tsc\src\app\authentication\sidebar\sidebar.component.js.map
C:\Users\david.edet\source\repos\queueitv2\dist\out-tsc\src\app\authentication\authentication.module.tns.js
C:\Users\david.edet\source\repos\queueitv2\dist\out-tsc\src\app\authentication\authentication.module.tns.js.map
C:\Users\david.edet\source\repos\queueitv2\dist\out-tsc\src\app\authentication\services\auth.service.spec.js
C:\Users\david.edet\source\repos\queueitv2\dist\out-tsc\src\app\authentication\services\auth.service.spec.js.map
C:\Users\david.edet\source\repos\queueitv2\dist\out-tsc\src\app\domainmodel\outletimp.js
C:\Users\david.edet\source\repos\queueitv2\dist\out-tsc\src\app\domainmodel\outletimp.js.map
C:\Users\david.edet\source\repos\queueitv2\dist\out-tsc\src\app\domainmodel\user.js
C:\Users\david.edet\source\repos\queueitv2\dist\out-tsc\src\app\domainmodel\user.js.map
C:\Users\david.edet\source\repos\queueitv2\dist\out-tsc\src\app\operations\operations.common.js
C:\Users\david.edet\source\repos\queueitv2\dist\out-tsc\src\app\operations\operations.common.js.map
C:\Users\david.edet\source\repos\queueitv2\dist\out-tsc\src\app\operations\operations.module.tns.js
C:\Users\david.edet\source\repos\queueitv2\dist\out-tsc\src\app\operations\operations.module.tns.js.map
C:\Users\david.edet\source\repos\queueitv2\dist\out-tsc\src\app\operations\pipes\status.pipe.spec.js
C:\Users\david.edet\source\repos\queueitv2\dist\out-tsc\src\app\operations\pipes\status.pipe.spec.js.map
C:\Users\david.edet\source\repos\queueitv2\dist\out-tsc\src\app\operations\pipes\tellertransaction.pipe.spec.js
C:\Users\david.edet\source\repos\queueitv2\dist\out-tsc\src\app\operations\pipes\tellertransaction.pipe.spec.js.map
C:\Users\david.edet\source\repos\queueitv2\dist\out-tsc\src\app\operations\pipes\timer.pipe.spec.js
C:\Users\david.edet\source\repos\queueitv2\dist\out-tsc\src\app\operations\pipes\timer.pipe.spec.js.map
C:\Users\david.edet\source\repos\queueitv2\dist\out-tsc\src\app\operations\pipes\transaction.pipe.spec.js
C:\Users\david.edet\source\repos\queueitv2\dist\out-tsc\src\app\operations\pipes\transaction.pipe.spec.js.map
C:\Users\david.edet\source\repos\queueitv2\dist\out-tsc\src\app\operations\pipes\transactiontype.pipe.spec.js
C:\Users\david.edet\source\repos\queueitv2\dist\out-tsc\src\app\operations\pipes\transactiontype.pipe.spec.js.map
C:\Users\david.edet\source\repos\queueitv2\dist\out-tsc\src\app\operations\services\auth.service.spec.js
C:\Users\david.edet\source\repos\queueitv2\dist\out-tsc\src\app\operations\services\auth.service.spec.js.map
C:\Users\david.edet\source\repos\queueitv2\dist\out-tsc\src\app\operations\services\operations.service.spec.js
C:\Users\david.edet\source\repos\queueitv2\dist\out-tsc\src\app\operations\services\operations.service.spec.js.map
C:\Users\david.edet\source\repos\queueitv2\dist\out-tsc\src\app\operations\services\teller.service.js
C:\Users\david.edet\source\repos\queueitv2\dist\out-tsc\src\app\operations\services\teller.service.js.map
C:\Users\david.edet\source\repos\queueitv2\dist\out-tsc\src\app\operations\services\teller.service.spec.js
C:\Users\david.edet\source\repos\queueitv2\dist\out-tsc\src\app\operations\services\teller.service.spec.js.map
C:\Users\david.edet\source\repos\queueitv2\dist\out-tsc\src\app\operations\services\transaction.service.spec.js
C:\Users\david.edet\source\repos\queueitv2\dist\out-tsc\src\app\operations\services\transaction.service.spec.js.map
C:\Users\david.edet\source\repos\queueitv2\dist\out-tsc\src\app\services\admin\userAccess.js
C:\Users\david.edet\source\repos\queueitv2\dist\out-tsc\src\app\services\admin\userAccess.js.map
C:\Users\david.edet\source\repos\queueitv2\dist\out-tsc\src\app\shared\_services\alert.service.spec.js
C:\Users\david.edet\source\repos\queueitv2\dist\out-tsc\src\app\shared\_services\alert.service.spec.js.map
C:\Users\david.edet\source\repos\queueitv2\dist\out-tsc\src\app\shared\implementationmodels\usertransactions.js
C:\Users\david.edet\source\repos\queueitv2\dist\out-tsc\src\app\shared\implementationmodels\usertransactions.js.map
C:\Users\david.edet\source\repos\queueitv2\dist\out-tsc\src\app\shared\implementationmodels\tellertransactions.js
C:\Users\david.edet\source\repos\queueitv2\dist\out-tsc\src\app\shared\implementationmodels\tellertransactions.js.map
C:\Users\david.edet\source\repos\queueitv2\dist\out-tsc\src\environments\environment.prod.js
C:\Users\david.edet\source\repos\queueitv2\dist\out-tsc\src\environments\environment.prod.js.map
